Arguments: 
  C:\Program Files\nodejs\node.exe C:\Program Files (x86)\Yarn\bin\yarn.js init

PATH: 
  C:\Program Files\Git\mingw64\bin;C:\Program Files\Git\usr\bin;C:\Users\shash\bin;E:\app\shash\product\11.2.0\dbhome_2\bin;C:\product\11.2.0\dbhome_1\bin;C:\Users\shash\Downloads\WINDOWS.X64_180000_db_home\bin;C:\Program Files (x86)\Common Files\Oracle\Java\javapath;C:\ProgramData\Oracle\Java\javapath;C:\Program Files (x86)\Intel\iCLS Client;C:\Program Files\Intel\iCLS Client;C:\WINDOWS\system32;C:\WINDOWS;C:\WINDOWS\System32\Wbem;C:\WINDOWS\System32\WindowsPowerShell\v1.0;C:\Program Files (x86)\Intel\Intel(R) Management Engine Components\DAL;C:\Program Files\Intel\Intel(R) Management Engine Components\DAL;C:\Program Files (x86)\Intel\Intel(R) Management Engine Components\IPT;C:\Program Files\Intel\Intel(R) Management Engine Components\IPT;C:\WINDOWS\System32\OpenSSH;C:\Program Files\Git\cmd;C:\Program Files\Intel\WiFi\bin;C:\Program Files\Common Files\Intel\WirelessCommon;C:\Program Files (x86)\Brackets\command;C:\Program Files\nodejs;C:\Program Files (x86)\Yarn\bin;C:\Users\shash\Anaconda3\Scripts;C:\Users\shash\Anaconda3;C:\Users\shash\Anaconda3;C:\Users\shash\Anaconda3\Library\mingw-w64\bin;C:\Users\shash\Anaconda3\Library\usr\bin;C:\Users\shash\Anaconda3\Library\bin;C:\Users\shash\Anaconda3\Scripts;C:\Users\shash\AppData\Local\Microsoft\WindowsApps;C:\Users\shash\AppData\Local\GitHubDesktop\bin;C:\wamp\bin\mysql\mysql5.6.17\bin;C:\Users\shash\AppData\Local\Microsoft\WindowsApps;C:\Users\shash\AppData\Local\Programs\Microsoft VS Code\bin;C:\Users\shash\AppData\Roaming\npm;C:\Program Files\heroku\bin;C:\Users\shash\AppData\Local\Yarn\bin

Yarn version: 
  1.22.0

Node version: 
  12.14.1

Platform: 
  win32 x64

Trace: 
  Error: canceled
      at Interface.<anonymous> (C:\Program Files (x86)\Yarn\lib\cli.js:136987:13)
      at Interface.emit (events.js:223:5)
      at Interface._ttyWrite (readline.js:885:16)
      at ReadStream.onkeypress (readline.js:191:10)
      at ReadStream.emit (events.js:223:5)
      at emitKeys (internal/readline/utils.js:433:14)
      at emitKeys.next (<anonymous>)
      at ReadStream.onData (readline.js:1151:36)
      at ReadStream.emit (events.js:223:5)
      at addChunk (_stream_readable.js:309:12)

npm manifest: 
  No manifest

yarn manifest: 
  No manifest

Lockfile: 
  No lockfile
